<?xml version="1.0" encoding="UTF-8"?>
<testsuite name="yimei.crm.attendance.TestApplication" tests="1" skipped="0" failures="0" errors="0" timestamp="2015-11-09T07:12:33" hostname="xiangyangdeMacBook-Pro.local" time="0.115">
  <properties/>
  <testcase name="test01" classname="yimei.crm.attendance.TestApplication" time="0.115"/>
  <system-out><![CDATA[
  .   ____          _            __ _ _
 /\\ / ___'_ __ _ _(_)_ __  __ _ \ \ \ \
( ( )\___ | '_ | '_| | '_ \/ _` | \ \ \ \
 \\/  ___)| |_)| | | | | || (_| |  ) ) ) )
  '  |____| .__|_| |_|_| |_\__, | / / / /
 =========|_|==============|___/=/_/_/_/
 :: Spring Boot ::        (v1.2.5.RELEASE)

15:12:29.019 [Test worker] INFO  yimei.crm.attendance.TestApplication - Starting TestApplication on xiangyangdeMacBook-Pro.local with PID 9360 (/Users/xiangyang/attendance/build/classes/test started by xiangyang in /Users/xiangyang/attendance)
15:12:31.232 [Test worker] INFO  com.zaxxer.hikari.HikariDataSource - HikariCP pool HikariPool-0 is starting.
15:12:32.043 [Test worker] INFO  com.yimei.attendance.Application - Running with Spring profile(s) : [dev]
15:12:33.220 [Test worker] INFO  org.eclipse.jetty.util.log - Logging initialized @5776ms
15:12:33.808 [Test worker] INFO  yimei.crm.attendance.TestApplication - Started TestApplication in 5.159 seconds (JVM running for 6.364)
15:12:33.926 [Test worker] INFO  jdbc.sqltiming - select count(1) from user WHERE loginname like "%"'zxy'"%" 
 {executed in 5 msec}
2
]]></system-out>
  <system-err><![CDATA[]]></system-err>
</testsuite>
